<?xml version="1.0" encoding="UTF-8"?>
<testsuite xmlns:xsi="http://www.w3.org/2001/XMLSchema-instance" xsi:noNamespaceSchemaLocation="https://maven.apache.org/surefire/maven-surefire-plugin/xsd/surefire-test-report.xsd" name="ar.edu.unlp.info.oo2.Ejercicio1_RedSocial.TestTwitter" time="0.055" tests="13" errors="0" skipped="0" failures="0">
  <properties>
[...]
</properties>
  <testcase name="testUsuarioEliminaTweet" classname="ar.edu.unlp.info.oo2.Ejercicio1_RedSocial.TestTwitter" time="0.025"/>
  <testcase name="testUsuarioPublicaTweet" classname="ar.edu.unlp.info.oo2.Ejercicio1_RedSocial.TestTwitter" time="0.003"/>
  <testcase name="testTweetTextoMinimoYMaximo" classname="ar.edu.unlp.info.oo2.Ejercicio1_RedSocial.TestTwitter" time="0.001"/>
  <testcase name="testAltaYBajaUsuario" classname="ar.edu.unlp.info.oo2.Ejercicio1_RedSocial.TestTwitter" time="0.002"/>
  <testcase name="testEliminarTweetDesdeTwitter" classname="ar.edu.unlp.info.oo2.Ejercicio1_RedSocial.TestTwitter" time="0.001"/>
  <testcase name="testTweetConTextoValido" classname="ar.edu.unlp.info.oo2.Ejercicio1_RedSocial.TestTwitter" time="0.001"/>
  <testcase name="testUsuarioReTwittea" classname="ar.edu.unlp.info.oo2.Ejercicio1_RedSocial.TestTwitter" time="0"/>
  <testcase name="testTweetInvalidoLanzaExcepcion" classname="ar.edu.unlp.info.oo2.Ejercicio1_RedSocial.TestTwitter" time="0.002"/>
  <testcase name="testTweetsSeEliminanAlBorrarUsuario" classname="ar.edu.unlp.info.oo2.Ejercicio1_RedSocial.TestTwitter" time="0.001"/>
  <testcase name="testReTweetConOrigen" classname="ar.edu.unlp.info.oo2.Ejercicio1_RedSocial.TestTwitter" time="0.001"/>
  <testcase name="testReTweetDesdeTwitter" classname="ar.edu.unlp.info.oo2.Ejercicio1_RedSocial.TestTwitter" time="0"/>
  <testcase name="testPublicarYLeerTweet" classname="ar.edu.unlp.info.oo2.Ejercicio1_RedSocial.TestTwitter" time="0"/>
  <testcase name="testNoPermiteUsuariosDuplicados" classname="ar.edu.unlp.info.oo2.Ejercicio1_RedSocial.TestTwitter" time="0.001"/>
</testsuite>