<?xml version="1.0" encoding="UTF-8"?>
<testsuite xmlns:xsi="http://www.w3.org/2001/XMLSchema-instance" xsi:noNamespaceSchemaLocation="https://maven.apache.org/surefire/maven-surefire-plugin/xsd/surefire-test-report.xsd" name="ar.edu.unlp.info.oo2.Ejercicio2_FridayThe13.BibliotecaTest" time="0.182" tests="2" errors="0" skipped="0" failures="0">
  <properties>
[...]
</properties>
  <testcase name="testExportarSociosJSONExporter" classname="ar.edu.unlp.info.oo2.Ejercicio2_FridayThe13.BibliotecaTest" time="0.035"/>
  <testcase name="testExportarSociosJacksonExporter" classname="ar.edu.unlp.info.oo2.Ejercicio2_FridayThe13.BibliotecaTest" time="0.134"/>
</testsuite>